Arguments: 
  /home/joseaurelio/.nvm/versions/node/v14.15.0/bin/node /home/linuxbrew/.linuxbrew/Cellar/yarn/1.22.5/libexec/bin/yarn.js

PATH: 
  /home/joseaurelio/.nvm/versions/node/v14.15.0/bin:/home/linuxbrew/.linuxbrew/bin:/home/linuxbrew/.linuxbrew/sbin:/home/joseaurelio/.linuxbrew/bin:/home/joseaurelio/bin:/usr/local/bin:/usr/local/sbin:/usr/local/bin:/usr/sbin:/usr/bin:/sbin:/bin:/usr/games:/usr/local/games:/snap/bin

Yarn version: 
  1.22.5

Node version: 
  14.15.0

Platform: 
  linux x64

Trace: 
  SyntaxError: /home/joseaurelio/development/peplum-cinema/client/package.json: Unexpected token ; in JSON at position 145
      at JSON.parse (<anonymous>)
      at /home/linuxbrew/.linuxbrew/Cellar/yarn/1.22.5/libexec/lib/cli.js:1625:59
      at Generator.next (<anonymous>)
      at step (/home/linuxbrew/.linuxbrew/Cellar/yarn/1.22.5/libexec/lib/cli.js:310:30)
      at /home/linuxbrew/.linuxbrew/Cellar/yarn/1.22.5/libexec/lib/cli.js:321:13

npm manifest: 
  {
    "name": "client",
    "version": "1.0.0",
    "main": "index.js",
    "license": "MIT",
    "scripts": {
      "start": "node ./scripts/index.js"
    }
  };

yarn manifest: 
  No manifest

Lockfile: 
  No lockfile
